23-Sep-2016 09:23:07.047 INFO [main] org.apache.catalina.startup.VersionLoggerListener.log Server version:        Apache Tomcat/9.0.0.M10
23-Sep-2016 09:23:07.049 INFO [main] org.apache.catalina.startup.VersionLoggerListener.log Server built:          Aug 31 2016 15:00:21 UTC
23-Sep-2016 09:23:07.049 INFO [main] org.apache.catalina.startup.VersionLoggerListener.log Server number:         9.0.0.0
23-Sep-2016 09:23:07.050 INFO [main] org.apache.catalina.startup.VersionLoggerListener.log OS Name:               Mac OS X
23-Sep-2016 09:23:07.050 INFO [main] org.apache.catalina.startup.VersionLoggerListener.log OS Version:            10.11.3
23-Sep-2016 09:23:07.050 INFO [main] org.apache.catalina.startup.VersionLoggerListener.log Architecture:          x86_64
23-Sep-2016 09:23:07.050 INFO [main] org.apache.catalina.startup.VersionLoggerListener.log Java Home:             /Library/Java/JavaVirtualMachines/jdk1.8.0_101.jdk/Contents/Home/jre
23-Sep-2016 09:23:07.050 INFO [main] org.apache.catalina.startup.VersionLoggerListener.log JVM Version:           1.8.0_101-b13
23-Sep-2016 09:23:07.050 INFO [main] org.apache.catalina.startup.VersionLoggerListener.log JVM Vendor:            Oracle Corporation
23-Sep-2016 09:23:07.050 INFO [main] org.apache.catalina.startup.VersionLoggerListener.log CATALINA_BASE:         /Users/sergiipavlenko/eclipse/apache-tomcat-9.0.0.M10
23-Sep-2016 09:23:07.050 INFO [main] org.apache.catalina.startup.VersionLoggerListener.log CATALINA_HOME:         /Users/sergiipavlenko/eclipse/apache-tomcat-9.0.0.M10
23-Sep-2016 09:23:07.051 INFO [main] org.apache.catalina.startup.VersionLoggerListener.log Command line argument: -Djava.util.logging.config.file=/Users/sergiipavlenko/eclipse/apache-tomcat-9.0.0.M10/conf/logging.properties
23-Sep-2016 09:23:07.051 INFO [main] org.apache.catalina.startup.VersionLoggerListener.log Command line argument: -Djava.util.logging.manager=org.apache.juli.ClassLoaderLogManager
23-Sep-2016 09:23:07.051 INFO [main] org.apache.catalina.startup.VersionLoggerListener.log Command line argument: -Djdk.tls.ephemeralDHKeySize=2048
23-Sep-2016 09:23:07.051 INFO [main] org.apache.catalina.startup.VersionLoggerListener.log Command line argument: -Dcatalina.base=/Users/sergiipavlenko/eclipse/apache-tomcat-9.0.0.M10
23-Sep-2016 09:23:07.052 INFO [main] org.apache.catalina.startup.VersionLoggerListener.log Command line argument: -Dcatalina.home=/Users/sergiipavlenko/eclipse/apache-tomcat-9.0.0.M10
23-Sep-2016 09:23:07.052 INFO [main] org.apache.catalina.startup.VersionLoggerListener.log Command line argument: -Djava.io.tmpdir=/Users/sergiipavlenko/eclipse/apache-tomcat-9.0.0.M10/temp
23-Sep-2016 09:23:07.052 INFO [main] org.apache.catalina.core.AprLifecycleListener.lifecycleEvent The APR based Apache Tomcat Native library which allows optimal performance in production environments was not found on the java.library.path: /Users/sergiipavlenko/Library/Java/Extensions:/Library/Java/Extensions:/Network/Library/Java/Extensions:/System/Library/Java/Extensions:/usr/lib/java:.
23-Sep-2016 09:23:07.199 INFO [main] org.apache.coyote.AbstractProtocol.init Initializing ProtocolHandler ["http-nio-8080"]
23-Sep-2016 09:23:07.228 INFO [main] org.apache.tomcat.util.net.NioSelectorPool.getSharedSelector Using a shared selector for servlet write/read
23-Sep-2016 09:23:07.230 INFO [main] org.apache.coyote.AbstractProtocol.init Initializing ProtocolHandler ["ajp-nio-8009"]
23-Sep-2016 09:23:07.232 INFO [main] org.apache.tomcat.util.net.NioSelectorPool.getSharedSelector Using a shared selector for servlet write/read
23-Sep-2016 09:23:07.232 INFO [main] org.apache.catalina.startup.Catalina.load Initialization processed in 674 ms
23-Sep-2016 09:23:07.259 INFO [main] org.apache.catalina.core.StandardService.startInternal Starting service Catalina
23-Sep-2016 09:23:07.260 INFO [main] org.apache.catalina.core.StandardEngine.startInternal Starting Servlet Engine: Apache Tomcat/9.0.0.M10
23-Sep-2016 09:23:07.267 INFO [localhost-startStop-1] org.apache.catalina.startup.HostConfig.deployDirectory Deploying web application directory /Users/sergiipavlenko/eclipse/apache-tomcat-9.0.0.M10/webapps/docs
23-Sep-2016 09:23:07.602 INFO [localhost-startStop-1] org.apache.catalina.startup.HostConfig.deployDirectory Deployment of web application directory /Users/sergiipavlenko/eclipse/apache-tomcat-9.0.0.M10/webapps/docs has finished in 335 ms
23-Sep-2016 09:23:07.602 INFO [localhost-startStop-1] org.apache.catalina.startup.HostConfig.deployDirectory Deploying web application directory /Users/sergiipavlenko/eclipse/apache-tomcat-9.0.0.M10/webapps/examples
23-Sep-2016 09:23:07.905 INFO [localhost-startStop-1] org.apache.catalina.startup.HostConfig.deployDirectory Deployment of web application directory /Users/sergiipavlenko/eclipse/apache-tomcat-9.0.0.M10/webapps/examples has finished in 303 ms
23-Sep-2016 09:23:07.905 INFO [localhost-startStop-1] org.apache.catalina.startup.HostConfig.deployDirectory Deploying web application directory /Users/sergiipavlenko/eclipse/apache-tomcat-9.0.0.M10/webapps/host-manager
23-Sep-2016 09:23:07.928 INFO [localhost-startStop-1] org.apache.catalina.startup.HostConfig.deployDirectory Deployment of web application directory /Users/sergiipavlenko/eclipse/apache-tomcat-9.0.0.M10/webapps/host-manager has finished in 23 ms
23-Sep-2016 09:23:07.929 INFO [localhost-startStop-1] org.apache.catalina.startup.HostConfig.deployDirectory Deploying web application directory /Users/sergiipavlenko/eclipse/apache-tomcat-9.0.0.M10/webapps/manager
23-Sep-2016 09:23:07.952 INFO [localhost-startStop-1] org.apache.catalina.startup.HostConfig.deployDirectory Deployment of web application directory /Users/sergiipavlenko/eclipse/apache-tomcat-9.0.0.M10/webapps/manager has finished in 24 ms
23-Sep-2016 09:23:07.952 INFO [localhost-startStop-1] org.apache.catalina.startup.HostConfig.deployDirectory Deploying web application directory /Users/sergiipavlenko/eclipse/apache-tomcat-9.0.0.M10/webapps/ROOT
23-Sep-2016 09:23:07.969 INFO [localhost-startStop-1] org.apache.catalina.startup.HostConfig.deployDirectory Deployment of web application directory /Users/sergiipavlenko/eclipse/apache-tomcat-9.0.0.M10/webapps/ROOT has finished in 16 ms
23-Sep-2016 09:23:07.971 INFO [main] org.apache.coyote.AbstractProtocol.start Starting ProtocolHandler [http-nio-8080]
23-Sep-2016 09:23:07.978 INFO [main] org.apache.coyote.AbstractProtocol.start Starting ProtocolHandler [ajp-nio-8009]
23-Sep-2016 09:23:07.979 INFO [main] org.apache.catalina.startup.Catalina.start Server startup in 747 ms
23-Sep-2016 09:31:09.741 INFO [main] org.apache.catalina.core.StandardServer.await A valid shutdown command was received via the shutdown port. Stopping the Server instance.
23-Sep-2016 09:31:09.741 INFO [main] org.apache.coyote.AbstractProtocol.pause Pausing ProtocolHandler ["http-nio-8080"]
23-Sep-2016 09:31:09.797 INFO [main] org.apache.coyote.AbstractProtocol.pause Pausing ProtocolHandler ["ajp-nio-8009"]
23-Sep-2016 09:31:09.849 INFO [main] org.apache.catalina.core.StandardService.stopInternal Stopping service Catalina
23-Sep-2016 09:31:09.889 INFO [main] org.apache.coyote.AbstractProtocol.stop Stopping ProtocolHandler ["http-nio-8080"]
23-Sep-2016 09:31:09.893 INFO [main] org.apache.coyote.AbstractProtocol.stop Stopping ProtocolHandler ["ajp-nio-8009"]
23-Sep-2016 09:31:09.894 INFO [main] org.apache.coyote.AbstractProtocol.destroy Destroying ProtocolHandler ["http-nio-8080"]
23-Sep-2016 09:31:09.895 INFO [main] org.apache.coyote.AbstractProtocol.destroy Destroying ProtocolHandler ["ajp-nio-8009"]
23-Sep-2016 09:31:13.673 INFO [main] org.apache.catalina.startup.VersionLoggerListener.log Server version:        Apache Tomcat/9.0.0.M10
23-Sep-2016 09:31:13.675 INFO [main] org.apache.catalina.startup.VersionLoggerListener.log Server built:          Aug 31 2016 15:00:21 UTC
23-Sep-2016 09:31:13.675 INFO [main] org.apache.catalina.startup.VersionLoggerListener.log Server number:         9.0.0.0
23-Sep-2016 09:31:13.675 INFO [main] org.apache.catalina.startup.VersionLoggerListener.log OS Name:               Mac OS X
23-Sep-2016 09:31:13.675 INFO [main] org.apache.catalina.startup.VersionLoggerListener.log OS Version:            10.11.3
23-Sep-2016 09:31:13.675 INFO [main] org.apache.catalina.startup.VersionLoggerListener.log Architecture:          x86_64
23-Sep-2016 09:31:13.675 INFO [main] org.apache.catalina.startup.VersionLoggerListener.log Java Home:             /Library/Java/JavaVirtualMachines/jdk1.8.0_101.jdk/Contents/Home/jre
23-Sep-2016 09:31:13.675 INFO [main] org.apache.catalina.startup.VersionLoggerListener.log JVM Version:           1.8.0_101-b13
23-Sep-2016 09:31:13.675 INFO [main] org.apache.catalina.startup.VersionLoggerListener.log JVM Vendor:            Oracle Corporation
23-Sep-2016 09:31:13.675 INFO [main] org.apache.catalina.startup.VersionLoggerListener.log CATALINA_BASE:         /Users/sergiipavlenko/eclipse/apache-tomcat-9.0.0.M10
23-Sep-2016 09:31:13.675 INFO [main] org.apache.catalina.startup.VersionLoggerListener.log CATALINA_HOME:         /Users/sergiipavlenko/eclipse/apache-tomcat-9.0.0.M10
23-Sep-2016 09:31:13.676 INFO [main] org.apache.catalina.startup.VersionLoggerListener.log Command line argument: -Djava.util.logging.config.file=/Users/sergiipavlenko/eclipse/apache-tomcat-9.0.0.M10/conf/logging.properties
23-Sep-2016 09:31:13.676 INFO [main] org.apache.catalina.startup.VersionLoggerListener.log Command line argument: -Djava.util.logging.manager=org.apache.juli.ClassLoaderLogManager
23-Sep-2016 09:31:13.676 INFO [main] org.apache.catalina.startup.VersionLoggerListener.log Command line argument: -Djdk.tls.ephemeralDHKeySize=2048
23-Sep-2016 09:31:13.676 INFO [main] org.apache.catalina.startup.VersionLoggerListener.log Command line argument: -Dcatalina.base=/Users/sergiipavlenko/eclipse/apache-tomcat-9.0.0.M10
23-Sep-2016 09:31:13.676 INFO [main] org.apache.catalina.startup.VersionLoggerListener.log Command line argument: -Dcatalina.home=/Users/sergiipavlenko/eclipse/apache-tomcat-9.0.0.M10
23-Sep-2016 09:31:13.676 INFO [main] org.apache.catalina.startup.VersionLoggerListener.log Command line argument: -Djava.io.tmpdir=/Users/sergiipavlenko/eclipse/apache-tomcat-9.0.0.M10/temp
23-Sep-2016 09:31:13.676 INFO [main] org.apache.catalina.core.AprLifecycleListener.lifecycleEvent The APR based Apache Tomcat Native library which allows optimal performance in production environments was not found on the java.library.path: /Users/sergiipavlenko/Library/Java/Extensions:/Library/Java/Extensions:/Network/Library/Java/Extensions:/System/Library/Java/Extensions:/usr/lib/java:.
23-Sep-2016 09:31:13.803 INFO [main] org.apache.coyote.AbstractProtocol.init Initializing ProtocolHandler ["http-nio-8080"]
23-Sep-2016 09:31:13.826 INFO [main] org.apache.tomcat.util.net.NioSelectorPool.getSharedSelector Using a shared selector for servlet write/read
23-Sep-2016 09:31:13.828 INFO [main] org.apache.coyote.AbstractProtocol.init Initializing ProtocolHandler ["ajp-nio-8009"]
23-Sep-2016 09:31:13.830 INFO [main] org.apache.tomcat.util.net.NioSelectorPool.getSharedSelector Using a shared selector for servlet write/read
23-Sep-2016 09:31:13.830 INFO [main] org.apache.catalina.startup.Catalina.load Initialization processed in 530 ms
23-Sep-2016 09:31:13.853 INFO [main] org.apache.catalina.core.StandardService.startInternal Starting service Catalina
23-Sep-2016 09:31:13.853 INFO [main] org.apache.catalina.core.StandardEngine.startInternal Starting Servlet Engine: Apache Tomcat/9.0.0.M10
23-Sep-2016 09:31:13.860 INFO [localhost-startStop-1] org.apache.catalina.startup.HostConfig.deployDirectory Deploying web application directory /Users/sergiipavlenko/eclipse/apache-tomcat-9.0.0.M10/webapps/docs
23-Sep-2016 09:31:14.174 INFO [localhost-startStop-1] org.apache.catalina.startup.HostConfig.deployDirectory Deployment of web application directory /Users/sergiipavlenko/eclipse/apache-tomcat-9.0.0.M10/webapps/docs has finished in 314 ms
23-Sep-2016 09:31:14.174 INFO [localhost-startStop-1] org.apache.catalina.startup.HostConfig.deployDirectory Deploying web application directory /Users/sergiipavlenko/eclipse/apache-tomcat-9.0.0.M10/webapps/examples
23-Sep-2016 09:31:14.527 INFO [localhost-startStop-1] org.apache.catalina.startup.HostConfig.deployDirectory Deployment of web application directory /Users/sergiipavlenko/eclipse/apache-tomcat-9.0.0.M10/webapps/examples has finished in 353 ms
23-Sep-2016 09:31:14.527 INFO [localhost-startStop-1] org.apache.catalina.startup.HostConfig.deployDirectory Deploying web application directory /Users/sergiipavlenko/eclipse/apache-tomcat-9.0.0.M10/webapps/host-manager
23-Sep-2016 09:31:14.554 INFO [localhost-startStop-1] org.apache.catalina.startup.HostConfig.deployDirectory Deployment of web application directory /Users/sergiipavlenko/eclipse/apache-tomcat-9.0.0.M10/webapps/host-manager has finished in 27 ms
23-Sep-2016 09:31:14.554 INFO [localhost-startStop-1] org.apache.catalina.startup.HostConfig.deployDirectory Deploying web application directory /Users/sergiipavlenko/eclipse/apache-tomcat-9.0.0.M10/webapps/manager
23-Sep-2016 09:31:14.574 INFO [localhost-startStop-1] org.apache.catalina.startup.HostConfig.deployDirectory Deployment of web application directory /Users/sergiipavlenko/eclipse/apache-tomcat-9.0.0.M10/webapps/manager has finished in 19 ms
23-Sep-2016 09:31:14.574 INFO [localhost-startStop-1] org.apache.catalina.startup.HostConfig.deployDirectory Deploying web application directory /Users/sergiipavlenko/eclipse/apache-tomcat-9.0.0.M10/webapps/ROOT
23-Sep-2016 09:31:14.588 INFO [localhost-startStop-1] org.apache.catalina.startup.HostConfig.deployDirectory Deployment of web application directory /Users/sergiipavlenko/eclipse/apache-tomcat-9.0.0.M10/webapps/ROOT has finished in 14 ms
23-Sep-2016 09:31:14.591 INFO [main] org.apache.coyote.AbstractProtocol.start Starting ProtocolHandler [http-nio-8080]
23-Sep-2016 09:31:14.597 INFO [main] org.apache.coyote.AbstractProtocol.start Starting ProtocolHandler [ajp-nio-8009]
23-Sep-2016 09:31:14.598 INFO [main] org.apache.catalina.startup.Catalina.start Server startup in 767 ms
23-Sep-2016 09:32:59.744 INFO [main] org.apache.catalina.core.StandardServer.await A valid shutdown command was received via the shutdown port. Stopping the Server instance.
23-Sep-2016 09:32:59.745 INFO [main] org.apache.coyote.AbstractProtocol.pause Pausing ProtocolHandler ["http-nio-8080"]
23-Sep-2016 09:32:59.804 INFO [main] org.apache.coyote.AbstractProtocol.pause Pausing ProtocolHandler ["ajp-nio-8009"]
23-Sep-2016 09:32:59.857 INFO [main] org.apache.catalina.core.StandardService.stopInternal Stopping service Catalina
23-Sep-2016 09:32:59.890 INFO [main] org.apache.coyote.AbstractProtocol.stop Stopping ProtocolHandler ["http-nio-8080"]
23-Sep-2016 09:32:59.895 INFO [main] org.apache.coyote.AbstractProtocol.stop Stopping ProtocolHandler ["ajp-nio-8009"]
23-Sep-2016 09:32:59.895 INFO [main] org.apache.coyote.AbstractProtocol.destroy Destroying ProtocolHandler ["http-nio-8080"]
23-Sep-2016 09:32:59.896 INFO [main] org.apache.coyote.AbstractProtocol.destroy Destroying ProtocolHandler ["ajp-nio-8009"]
23-Sep-2016 09:33:08.846 INFO [main] org.apache.catalina.startup.VersionLoggerListener.log Server version:        Apache Tomcat/9.0.0.M10
23-Sep-2016 09:33:08.847 INFO [main] org.apache.catalina.startup.VersionLoggerListener.log Server built:          Aug 31 2016 15:00:21 UTC
23-Sep-2016 09:33:08.847 INFO [main] org.apache.catalina.startup.VersionLoggerListener.log Server number:         9.0.0.0
23-Sep-2016 09:33:08.847 INFO [main] org.apache.catalina.startup.VersionLoggerListener.log OS Name:               Mac OS X
23-Sep-2016 09:33:08.847 INFO [main] org.apache.catalina.startup.VersionLoggerListener.log OS Version:            10.11.3
23-Sep-2016 09:33:08.847 INFO [main] org.apache.catalina.startup.VersionLoggerListener.log Architecture:          x86_64
23-Sep-2016 09:33:08.848 INFO [main] org.apache.catalina.startup.VersionLoggerListener.log Java Home:             /Library/Java/JavaVirtualMachines/jdk1.8.0_101.jdk/Contents/Home/jre
23-Sep-2016 09:33:08.848 INFO [main] org.apache.catalina.startup.VersionLoggerListener.log JVM Version:           1.8.0_101-b13
23-Sep-2016 09:33:08.848 INFO [main] org.apache.catalina.startup.VersionLoggerListener.log JVM Vendor:            Oracle Corporation
23-Sep-2016 09:33:08.848 INFO [main] org.apache.catalina.startup.VersionLoggerListener.log CATALINA_BASE:         /Users/sergiipavlenko/eclipse/apache-tomcat-9.0.0.M10
23-Sep-2016 09:33:08.848 INFO [main] org.apache.catalina.startup.VersionLoggerListener.log CATALINA_HOME:         /Users/sergiipavlenko/eclipse/apache-tomcat-9.0.0.M10
23-Sep-2016 09:33:08.849 INFO [main] org.apache.catalina.startup.VersionLoggerListener.log Command line argument: -Djava.util.logging.config.file=/Users/sergiipavlenko/eclipse/apache-tomcat-9.0.0.M10/conf/logging.properties
23-Sep-2016 09:33:08.849 INFO [main] org.apache.catalina.startup.VersionLoggerListener.log Command line argument: -Djava.util.logging.manager=org.apache.juli.ClassLoaderLogManager
23-Sep-2016 09:33:08.849 INFO [main] org.apache.catalina.startup.VersionLoggerListener.log Command line argument: -Djdk.tls.ephemeralDHKeySize=2048
23-Sep-2016 09:33:08.849 INFO [main] org.apache.catalina.startup.VersionLoggerListener.log Command line argument: -Dcatalina.base=/Users/sergiipavlenko/eclipse/apache-tomcat-9.0.0.M10
23-Sep-2016 09:33:08.849 INFO [main] org.apache.catalina.startup.VersionLoggerListener.log Command line argument: -Dcatalina.home=/Users/sergiipavlenko/eclipse/apache-tomcat-9.0.0.M10
23-Sep-2016 09:33:08.849 INFO [main] org.apache.catalina.startup.VersionLoggerListener.log Command line argument: -Djava.io.tmpdir=/Users/sergiipavlenko/eclipse/apache-tomcat-9.0.0.M10/temp
23-Sep-2016 09:33:08.849 INFO [main] org.apache.catalina.core.AprLifecycleListener.lifecycleEvent The APR based Apache Tomcat Native library which allows optimal performance in production environments was not found on the java.library.path: /Users/sergiipavlenko/Library/Java/Extensions:/Library/Java/Extensions:/Network/Library/Java/Extensions:/System/Library/Java/Extensions:/usr/lib/java:.
23-Sep-2016 09:33:08.972 INFO [main] org.apache.coyote.AbstractProtocol.init Initializing ProtocolHandler ["http-nio-8080"]
23-Sep-2016 09:33:08.997 INFO [main] org.apache.tomcat.util.net.NioSelectorPool.getSharedSelector Using a shared selector for servlet write/read
23-Sep-2016 09:33:08.999 INFO [main] org.apache.coyote.AbstractProtocol.init Initializing ProtocolHandler ["ajp-nio-8009"]
23-Sep-2016 09:33:09.000 INFO [main] org.apache.tomcat.util.net.NioSelectorPool.getSharedSelector Using a shared selector for servlet write/read
23-Sep-2016 09:33:09.001 INFO [main] org.apache.catalina.startup.Catalina.load Initialization processed in 537 ms
23-Sep-2016 09:33:09.025 INFO [main] org.apache.catalina.core.StandardService.startInternal Starting service Catalina
23-Sep-2016 09:33:09.025 INFO [main] org.apache.catalina.core.StandardEngine.startInternal Starting Servlet Engine: Apache Tomcat/9.0.0.M10
23-Sep-2016 09:33:09.032 INFO [localhost-startStop-1] org.apache.catalina.startup.HostConfig.deployDirectory Deploying web application directory /Users/sergiipavlenko/eclipse/apache-tomcat-9.0.0.M10/webapps/docs
23-Sep-2016 09:33:09.419 INFO [localhost-startStop-1] org.apache.catalina.startup.HostConfig.deployDirectory Deployment of web application directory /Users/sergiipavlenko/eclipse/apache-tomcat-9.0.0.M10/webapps/docs has finished in 386 ms
23-Sep-2016 09:33:09.419 INFO [localhost-startStop-1] org.apache.catalina.startup.HostConfig.deployDirectory Deploying web application directory /Users/sergiipavlenko/eclipse/apache-tomcat-9.0.0.M10/webapps/examples
23-Sep-2016 09:33:09.783 INFO [localhost-startStop-1] org.apache.catalina.startup.HostConfig.deployDirectory Deployment of web application directory /Users/sergiipavlenko/eclipse/apache-tomcat-9.0.0.M10/webapps/examples has finished in 364 ms
23-Sep-2016 09:33:09.783 INFO [localhost-startStop-1] org.apache.catalina.startup.HostConfig.deployDirectory Deploying web application directory /Users/sergiipavlenko/eclipse/apache-tomcat-9.0.0.M10/webapps/host-manager
23-Sep-2016 09:33:09.807 INFO [localhost-startStop-1] org.apache.catalina.startup.HostConfig.deployDirectory Deployment of web application directory /Users/sergiipavlenko/eclipse/apache-tomcat-9.0.0.M10/webapps/host-manager has finished in 24 ms
23-Sep-2016 09:33:09.808 INFO [localhost-startStop-1] org.apache.catalina.startup.HostConfig.deployDirectory Deploying web application directory /Users/sergiipavlenko/eclipse/apache-tomcat-9.0.0.M10/webapps/manager
23-Sep-2016 09:33:09.830 INFO [localhost-startStop-1] org.apache.catalina.startup.HostConfig.deployDirectory Deployment of web application directory /Users/sergiipavlenko/eclipse/apache-tomcat-9.0.0.M10/webapps/manager has finished in 21 ms
23-Sep-2016 09:33:09.830 INFO [localhost-startStop-1] org.apache.catalina.startup.HostConfig.deployDirectory Deploying web application directory /Users/sergiipavlenko/eclipse/apache-tomcat-9.0.0.M10/webapps/ROOT
23-Sep-2016 09:33:09.844 INFO [localhost-startStop-1] org.apache.catalina.startup.HostConfig.deployDirectory Deployment of web application directory /Users/sergiipavlenko/eclipse/apache-tomcat-9.0.0.M10/webapps/ROOT has finished in 14 ms
23-Sep-2016 09:33:09.847 INFO [main] org.apache.coyote.AbstractProtocol.start Starting ProtocolHandler [http-nio-8080]
23-Sep-2016 09:33:09.852 INFO [main] org.apache.coyote.AbstractProtocol.start Starting ProtocolHandler [ajp-nio-8009]
23-Sep-2016 09:33:09.853 INFO [main] org.apache.catalina.startup.Catalina.start Server startup in 851 ms
23-Sep-2016 09:34:51.359 INFO [http-nio-8080-exec-3] org.apache.catalina.startup.HostConfig.deployWAR Deploying web application archive /Users/sergiipavlenko/eclipse/apache-tomcat-9.0.0.M10/webapps/ActionBazaar.war
23-Sep-2016 09:34:51.420 INFO [http-nio-8080-exec-3] org.apache.jasper.servlet.TldScanner.scanJars At least one JAR was scanned for TLDs yet contained no TLDs. Enable debug logging for this logger for a complete list of JARs that were scanned but no TLDs were found in them. Skipping unneeded JARs during scanning can improve startup time and JSP compilation time.
23-Sep-2016 09:34:51.427 INFO [http-nio-8080-exec-3] org.apache.catalina.startup.HostConfig.deployWAR Deployment of web application archive /Users/sergiipavlenko/eclipse/apache-tomcat-9.0.0.M10/webapps/ActionBazaar.war has finished in 68 ms
23-Sep-2016 09:37:16.532 INFO [http-nio-8080-exec-8] org.apache.catalina.startup.HostConfig.undeploy Undeploying context [/ActionBazaar]
23-Sep-2016 09:40:44.716 INFO [http-nio-8080-exec-14] org.apache.catalina.startup.HostConfig.deployWAR Deploying web application archive /Users/sergiipavlenko/eclipse/apache-tomcat-9.0.0.M10/webapps/ActionBazaar.war
23-Sep-2016 09:40:44.983 INFO [http-nio-8080-exec-14] org.apache.jasper.servlet.TldScanner.scanJars At least one JAR was scanned for TLDs yet contained no TLDs. Enable debug logging for this logger for a complete list of JARs that were scanned but no TLDs were found in them. Skipping unneeded JARs during scanning can improve startup time and JSP compilation time.
23-Sep-2016 09:40:44.989 INFO [http-nio-8080-exec-14] org.apache.catalina.startup.HostConfig.deployWAR Deployment of web application archive /Users/sergiipavlenko/eclipse/apache-tomcat-9.0.0.M10/webapps/ActionBazaar.war has finished in 273 ms
23-Sep-2016 09:50:37.536 INFO [http-nio-8080-exec-12] org.apache.catalina.startup.HostConfig.deployWAR Deploying web application archive /Users/sergiipavlenko/eclipse/apache-tomcat-9.0.0.M10/webapps/web.site.analyzer-1.0.0-SNAPSHOT.war
23-Sep-2016 09:50:37.569 INFO [http-nio-8080-exec-12] org.apache.catalina.startup.HostConfig.deployWAR Deployment of web application archive /Users/sergiipavlenko/eclipse/apache-tomcat-9.0.0.M10/webapps/web.site.analyzer-1.0.0-SNAPSHOT.war has finished in 33 ms
23-Sep-2016 09:57:27.916 INFO [http-nio-8080-exec-14] org.apache.catalina.startup.HostConfig.undeploy Undeploying context [/web.site.analyzer-1.0.0-SNAPSHOT]
23-Sep-2016 09:57:36.662 INFO [http-nio-8080-exec-18] org.apache.catalina.startup.HostConfig.deployWAR Deploying web application archive /Users/sergiipavlenko/eclipse/apache-tomcat-9.0.0.M10/webapps/web.site.analyzer-1.0.0-SNAPSHOT.war
23-Sep-2016 09:57:36.712 INFO [http-nio-8080-exec-18] org.apache.catalina.startup.HostConfig.deployWAR Deployment of web application archive /Users/sergiipavlenko/eclipse/apache-tomcat-9.0.0.M10/webapps/web.site.analyzer-1.0.0-SNAPSHOT.war has finished in 50 ms
23-Sep-2016 10:00:22.840 INFO [Async0-Thread] async.Async0$1.run Putting AsyncThread to sleep
23-Sep-2016 10:00:24.840 INFO [Async0-Thread] async.Async0$1.run Dispatching
23-Sep-2016 10:00:24.843 INFO [http-nio-8080-exec-12] async.Async0.service Received dispatch, completing on the worker thread.
23-Sep-2016 10:00:24.843 INFO [http-nio-8080-exec-12] async.Async0.service After complete called started:false
23-Sep-2016 10:04:27.876 INFO [http-nio-8080-exec-21] org.apache.catalina.startup.HostConfig.undeploy Undeploying context [/web.site.analyzer-1.0.0-SNAPSHOT]
23-Sep-2016 10:04:39.370 INFO [http-nio-8080-exec-29] org.apache.catalina.startup.HostConfig.deployWAR Deploying web application archive /Users/sergiipavlenko/eclipse/apache-tomcat-9.0.0.M10/webapps/web.site.analyzer-1.0.0-SNAPSHOT.war
23-Sep-2016 10:04:39.399 INFO [http-nio-8080-exec-29] org.apache.catalina.startup.HostConfig.deployWAR Deployment of web application archive /Users/sergiipavlenko/eclipse/apache-tomcat-9.0.0.M10/webapps/web.site.analyzer-1.0.0-SNAPSHOT.war has finished in 29 ms
23-Sep-2016 10:13:21.665 INFO [http-nio-8080-exec-35] org.apache.catalina.startup.HostConfig.undeploy Undeploying context [/web.site.analyzer-1.0.0-SNAPSHOT]
23-Sep-2016 10:13:27.916 INFO [http-nio-8080-exec-39] org.apache.catalina.startup.HostConfig.deployWAR Deploying web application archive /Users/sergiipavlenko/eclipse/apache-tomcat-9.0.0.M10/webapps/web.site.analyzer-1.0.0-SNAPSHOT.war
23-Sep-2016 10:13:27.960 INFO [http-nio-8080-exec-39] org.apache.jasper.servlet.TldScanner.scanJars At least one JAR was scanned for TLDs yet contained no TLDs. Enable debug logging for this logger for a complete list of JARs that were scanned but no TLDs were found in them. Skipping unneeded JARs during scanning can improve startup time and JSP compilation time.
23-Sep-2016 10:13:27.964 INFO [http-nio-8080-exec-39] org.apache.catalina.startup.HostConfig.deployWAR Deployment of web application archive /Users/sergiipavlenko/eclipse/apache-tomcat-9.0.0.M10/webapps/web.site.analyzer-1.0.0-SNAPSHOT.war has finished in 48 ms
23-Sep-2016 10:17:29.305 INFO [http-nio-8080-exec-41] org.apache.catalina.startup.HostConfig.undeploy Undeploying context [/web.site.analyzer-1.0.0-SNAPSHOT]
23-Sep-2016 10:17:34.818 INFO [http-nio-8080-exec-46] org.apache.catalina.startup.HostConfig.deployWAR Deploying web application archive /Users/sergiipavlenko/eclipse/apache-tomcat-9.0.0.M10/webapps/web.site.analyzer-1.0.0-SNAPSHOT.war
23-Sep-2016 10:17:34.872 INFO [http-nio-8080-exec-46] org.apache.jasper.servlet.TldScanner.scanJars At least one JAR was scanned for TLDs yet contained no TLDs. Enable debug logging for this logger for a complete list of JARs that were scanned but no TLDs were found in them. Skipping unneeded JARs during scanning can improve startup time and JSP compilation time.
23-Sep-2016 10:17:34.876 INFO [http-nio-8080-exec-46] org.apache.catalina.startup.HostConfig.deployWAR Deployment of web application archive /Users/sergiipavlenko/eclipse/apache-tomcat-9.0.0.M10/webapps/web.site.analyzer-1.0.0-SNAPSHOT.war has finished in 57 ms
23-Sep-2016 10:18:52.845 INFO [http-nio-8080-exec-49] org.apache.catalina.startup.HostConfig.undeploy Undeploying context [/web.site.analyzer-1.0.0-SNAPSHOT]
23-Sep-2016 10:18:58.805 INFO [http-nio-8080-exec-52] org.apache.catalina.startup.HostConfig.deployWAR Deploying web application archive /Users/sergiipavlenko/eclipse/apache-tomcat-9.0.0.M10/webapps/web.site.analyzer-1.0.0-SNAPSHOT.war
23-Sep-2016 10:18:58.850 INFO [http-nio-8080-exec-52] org.apache.jasper.servlet.TldScanner.scanJars At least one JAR was scanned for TLDs yet contained no TLDs. Enable debug logging for this logger for a complete list of JARs that were scanned but no TLDs were found in them. Skipping unneeded JARs during scanning can improve startup time and JSP compilation time.
23-Sep-2016 10:18:58.853 INFO [http-nio-8080-exec-52] org.apache.catalina.startup.HostConfig.deployWAR Deployment of web application archive /Users/sergiipavlenko/eclipse/apache-tomcat-9.0.0.M10/webapps/web.site.analyzer-1.0.0-SNAPSHOT.war has finished in 49 ms
23-Sep-2016 10:20:34.699 INFO [http-nio-8080-exec-54] org.apache.catalina.startup.HostConfig.undeploy Undeploying context [/ActionBazaar]
23-Sep-2016 10:20:50.260 INFO [http-nio-8080-exec-57] org.apache.catalina.startup.HostConfig.deployWAR Deploying web application archive /Users/sergiipavlenko/eclipse/apache-tomcat-9.0.0.M10/webapps/ActionBazaar.war
23-Sep-2016 10:20:50.298 INFO [http-nio-8080-exec-57] org.apache.jasper.servlet.TldScanner.scanJars At least one JAR was scanned for TLDs yet contained no TLDs. Enable debug logging for this logger for a complete list of JARs that were scanned but no TLDs were found in them. Skipping unneeded JARs during scanning can improve startup time and JSP compilation time.
23-Sep-2016 10:20:50.303 INFO [http-nio-8080-exec-57] org.apache.catalina.startup.HostConfig.deployWAR Deployment of web application archive /Users/sergiipavlenko/eclipse/apache-tomcat-9.0.0.M10/webapps/ActionBazaar.war has finished in 42 ms
23-Sep-2016 10:31:49.135 INFO [http-nio-8080-exec-61] org.apache.catalina.startup.HostConfig.undeploy Undeploying context [/web.site.analyzer-1.0.0-SNAPSHOT]
23-Sep-2016 10:32:00.810 INFO [http-nio-8080-exec-62] org.apache.catalina.startup.HostConfig.deployWAR Deploying web application archive /Users/sergiipavlenko/eclipse/apache-tomcat-9.0.0.M10/webapps/web.site.analyzer-1.0.0-SNAPSHOT.war
23-Sep-2016 10:32:00.861 INFO [http-nio-8080-exec-62] org.apache.jasper.servlet.TldScanner.scanJars At least one JAR was scanned for TLDs yet contained no TLDs. Enable debug logging for this logger for a complete list of JARs that were scanned but no TLDs were found in them. Skipping unneeded JARs during scanning can improve startup time and JSP compilation time.
23-Sep-2016 10:32:00.865 INFO [http-nio-8080-exec-62] org.apache.catalina.startup.HostConfig.deployWAR Deployment of web application archive /Users/sergiipavlenko/eclipse/apache-tomcat-9.0.0.M10/webapps/web.site.analyzer-1.0.0-SNAPSHOT.war has finished in 55 ms
23-Sep-2016 10:32:57.141 INFO [http-nio-8080-exec-71] org.apache.catalina.startup.HostConfig.undeploy Undeploying context [/web.site.analyzer-1.0.0-SNAPSHOT]
23-Sep-2016 10:33:02.837 INFO [http-nio-8080-exec-74] org.apache.catalina.startup.HostConfig.deployWAR Deploying web application archive /Users/sergiipavlenko/eclipse/apache-tomcat-9.0.0.M10/webapps/web.site.analyzer-1.0.0-SNAPSHOT.war
23-Sep-2016 10:33:03.040 INFO [http-nio-8080-exec-74] org.apache.jasper.servlet.TldScanner.scanJars At least one JAR was scanned for TLDs yet contained no TLDs. Enable debug logging for this logger for a complete list of JARs that were scanned but no TLDs were found in them. Skipping unneeded JARs during scanning can improve startup time and JSP compilation time.
23-Sep-2016 10:33:03.047 INFO [http-nio-8080-exec-74] org.apache.catalina.startup.HostConfig.deployWAR Deployment of web application archive /Users/sergiipavlenko/eclipse/apache-tomcat-9.0.0.M10/webapps/web.site.analyzer-1.0.0-SNAPSHOT.war has finished in 210 ms
23-Sep-2016 10:37:33.149 INFO [http-nio-8080-exec-79] org.apache.catalina.startup.HostConfig.undeploy Undeploying context [/web.site.analyzer-1.0.0-SNAPSHOT]
23-Sep-2016 10:37:39.490 INFO [http-nio-8080-exec-70] org.apache.catalina.startup.HostConfig.deployWAR Deploying web application archive /Users/sergiipavlenko/eclipse/apache-tomcat-9.0.0.M10/webapps/web.site.analyzer-1.0.0-SNAPSHOT.war
23-Sep-2016 10:37:39.644 INFO [http-nio-8080-exec-70] org.apache.jasper.servlet.TldScanner.scanJars At least one JAR was scanned for TLDs yet contained no TLDs. Enable debug logging for this logger for a complete list of JARs that were scanned but no TLDs were found in them. Skipping unneeded JARs during scanning can improve startup time and JSP compilation time.
23-Sep-2016 10:37:39.653 INFO [http-nio-8080-exec-70] org.apache.catalina.startup.HostConfig.deployWAR Deployment of web application archive /Users/sergiipavlenko/eclipse/apache-tomcat-9.0.0.M10/webapps/web.site.analyzer-1.0.0-SNAPSHOT.war has finished in 162 ms
23-Sep-2016 10:40:09.906 INFO [http-nio-8080-exec-84] org.apache.catalina.startup.HostConfig.undeploy Undeploying context [/web.site.analyzer-1.0.0-SNAPSHOT]
23-Sep-2016 10:40:15.741 INFO [http-nio-8080-exec-87] org.apache.catalina.startup.HostConfig.deployWAR Deploying web application archive /Users/sergiipavlenko/eclipse/apache-tomcat-9.0.0.M10/webapps/WebSiteAnalyzer-1.0.0-SNAPSHOT.war
23-Sep-2016 10:40:15.876 INFO [http-nio-8080-exec-87] org.apache.jasper.servlet.TldScanner.scanJars At least one JAR was scanned for TLDs yet contained no TLDs. Enable debug logging for this logger for a complete list of JARs that were scanned but no TLDs were found in them. Skipping unneeded JARs during scanning can improve startup time and JSP compilation time.
23-Sep-2016 10:40:15.890 INFO [http-nio-8080-exec-87] org.apache.catalina.startup.HostConfig.deployWAR Deployment of web application archive /Users/sergiipavlenko/eclipse/apache-tomcat-9.0.0.M10/webapps/WebSiteAnalyzer-1.0.0-SNAPSHOT.war has finished in 149 ms
23-Sep-2016 10:41:31.043 INFO [http-nio-8080-exec-94] org.apache.catalina.startup.HostConfig.undeploy Undeploying context [/WebSiteAnalyzer-1.0.0-SNAPSHOT]
23-Sep-2016 10:41:37.893 INFO [http-nio-8080-exec-98] org.apache.catalina.startup.HostConfig.deployWAR Deploying web application archive /Users/sergiipavlenko/eclipse/apache-tomcat-9.0.0.M10/webapps/WebSiteAnalyzer.war
23-Sep-2016 10:41:38.004 INFO [http-nio-8080-exec-98] org.apache.jasper.servlet.TldScanner.scanJars At least one JAR was scanned for TLDs yet contained no TLDs. Enable debug logging for this logger for a complete list of JARs that were scanned but no TLDs were found in them. Skipping unneeded JARs during scanning can improve startup time and JSP compilation time.
23-Sep-2016 10:41:38.011 INFO [http-nio-8080-exec-98] org.apache.catalina.startup.HostConfig.deployWAR Deployment of web application archive /Users/sergiipavlenko/eclipse/apache-tomcat-9.0.0.M10/webapps/WebSiteAnalyzer.war has finished in 117 ms
23-Sep-2016 10:43:32.169 INFO [http-nio-8080-exec-102] org.apache.catalina.startup.HostConfig.undeploy Undeploying context [/WebSiteAnalyzer]
23-Sep-2016 10:43:36.287 INFO [http-nio-8080-exec-111] org.apache.catalina.startup.HostConfig.deployWAR Deploying web application archive /Users/sergiipavlenko/eclipse/apache-tomcat-9.0.0.M10/webapps/WebSiteAnalyzer.war
23-Sep-2016 10:43:36.408 INFO [http-nio-8080-exec-111] org.apache.jasper.servlet.TldScanner.scanJars At least one JAR was scanned for TLDs yet contained no TLDs. Enable debug logging for this logger for a complete list of JARs that were scanned but no TLDs were found in them. Skipping unneeded JARs during scanning can improve startup time and JSP compilation time.
23-Sep-2016 10:43:36.416 INFO [http-nio-8080-exec-111] org.apache.catalina.startup.HostConfig.deployWAR Deployment of web application archive /Users/sergiipavlenko/eclipse/apache-tomcat-9.0.0.M10/webapps/WebSiteAnalyzer.war has finished in 128 ms
23-Sep-2016 10:49:34.560 INFO [http-nio-8080-exec-112] org.apache.catalina.startup.HostConfig.undeploy Undeploying context [/WebSiteAnalyzer]
23-Sep-2016 10:49:39.091 INFO [http-nio-8080-exec-115] org.apache.catalina.startup.HostConfig.deployWAR Deploying web application archive /Users/sergiipavlenko/eclipse/apache-tomcat-9.0.0.M10/webapps/WebSiteAnalyzer.war
23-Sep-2016 10:49:39.220 INFO [http-nio-8080-exec-115] org.apache.jasper.servlet.TldScanner.scanJars At least one JAR was scanned for TLDs yet contained no TLDs. Enable debug logging for this logger for a complete list of JARs that were scanned but no TLDs were found in them. Skipping unneeded JARs during scanning can improve startup time and JSP compilation time.
23-Sep-2016 10:49:39.230 INFO [http-nio-8080-exec-115] org.apache.catalina.startup.HostConfig.deployWAR Deployment of web application archive /Users/sergiipavlenko/eclipse/apache-tomcat-9.0.0.M10/webapps/WebSiteAnalyzer.war has finished in 138 ms
23-Sep-2016 10:49:43.398 INFO [http-nio-8080-exec-120] org.apache.catalina.startup.HostConfig.undeploy Undeploying context [/ActionBazaar]
23-Sep-2016 10:58:27.932 INFO [http-nio-8080-exec-126] org.apache.catalina.startup.HostConfig.undeploy Undeploying context [/WebSiteAnalyzer]
23-Sep-2016 10:58:31.501 INFO [http-nio-8080-exec-128] org.apache.catalina.startup.HostConfig.deployWAR Deploying web application archive /Users/sergiipavlenko/eclipse/apache-tomcat-9.0.0.M10/webapps/WebSiteAnalyzer.war
23-Sep-2016 10:58:31.613 INFO [http-nio-8080-exec-128] org.apache.jasper.servlet.TldScanner.scanJars At least one JAR was scanned for TLDs yet contained no TLDs. Enable debug logging for this logger for a complete list of JARs that were scanned but no TLDs were found in them. Skipping unneeded JARs during scanning can improve startup time and JSP compilation time.
23-Sep-2016 10:58:31.618 INFO [http-nio-8080-exec-128] org.apache.catalina.startup.HostConfig.deployWAR Deployment of web application archive /Users/sergiipavlenko/eclipse/apache-tomcat-9.0.0.M10/webapps/WebSiteAnalyzer.war has finished in 117 ms
23-Sep-2016 11:21:52.195 INFO [http-nio-8080-exec-137] org.apache.catalina.startup.HostConfig.undeploy Undeploying context [/WebSiteAnalyzer]
23-Sep-2016 11:25:25.459 INFO [http-nio-8080-exec-145] org.apache.catalina.startup.HostConfig.deployWAR Deploying web application archive /Users/sergiipavlenko/eclipse/apache-tomcat-9.0.0.M10/webapps/WebSiteAnalyzer.war
23-Sep-2016 11:25:25.636 INFO [http-nio-8080-exec-145] org.apache.jasper.servlet.TldScanner.scanJars At least one JAR was scanned for TLDs yet contained no TLDs. Enable debug logging for this logger for a complete list of JARs that were scanned but no TLDs were found in them. Skipping unneeded JARs during scanning can improve startup time and JSP compilation time.
23-Sep-2016 11:25:25.643 INFO [http-nio-8080-exec-145] org.apache.catalina.startup.HostConfig.deployWAR Deployment of web application archive /Users/sergiipavlenko/eclipse/apache-tomcat-9.0.0.M10/webapps/WebSiteAnalyzer.war has finished in 183 ms
23-Sep-2016 11:40:08.697 INFO [http-nio-8080-exec-150] org.apache.catalina.startup.HostConfig.undeploy Undeploying context [/WebSiteAnalyzer]
23-Sep-2016 11:40:15.553 INFO [http-nio-8080-exec-145] org.apache.catalina.startup.HostConfig.deployWAR Deploying web application archive /Users/sergiipavlenko/eclipse/apache-tomcat-9.0.0.M10/webapps/WebSiteAnalyzer.war
23-Sep-2016 11:40:15.706 INFO [http-nio-8080-exec-145] org.apache.jasper.servlet.TldScanner.scanJars At least one JAR was scanned for TLDs yet contained no TLDs. Enable debug logging for this logger for a complete list of JARs that were scanned but no TLDs were found in them. Skipping unneeded JARs during scanning can improve startup time and JSP compilation time.
23-Sep-2016 11:40:15.711 INFO [http-nio-8080-exec-145] org.apache.catalina.startup.HostConfig.deployWAR Deployment of web application archive /Users/sergiipavlenko/eclipse/apache-tomcat-9.0.0.M10/webapps/WebSiteAnalyzer.war has finished in 158 ms
23-Sep-2016 11:41:20.525 INFO [http-nio-8080-exec-155] org.apache.catalina.startup.HostConfig.undeploy Undeploying context [/WebSiteAnalyzer]
23-Sep-2016 11:41:26.769 INFO [http-nio-8080-exec-159] org.apache.catalina.startup.HostConfig.deployWAR Deploying web application archive /Users/sergiipavlenko/eclipse/apache-tomcat-9.0.0.M10/webapps/WebSiteAnalyzer.war
23-Sep-2016 11:41:26.923 INFO [http-nio-8080-exec-159] org.apache.jasper.servlet.TldScanner.scanJars At least one JAR was scanned for TLDs yet contained no TLDs. Enable debug logging for this logger for a complete list of JARs that were scanned but no TLDs were found in them. Skipping unneeded JARs during scanning can improve startup time and JSP compilation time.
23-Sep-2016 11:41:26.929 INFO [http-nio-8080-exec-159] org.apache.catalina.startup.HostConfig.deployWAR Deployment of web application archive /Users/sergiipavlenko/eclipse/apache-tomcat-9.0.0.M10/webapps/WebSiteAnalyzer.war has finished in 160 ms
23-Sep-2016 11:53:21.479 INFO [http-nio-8080-exec-165] org.apache.catalina.startup.HostConfig.undeploy Undeploying context [/WebSiteAnalyzer]
23-Sep-2016 11:53:25.187 INFO [http-nio-8080-exec-162] org.apache.catalina.startup.HostConfig.deployWAR Deploying web application archive /Users/sergiipavlenko/eclipse/apache-tomcat-9.0.0.M10/webapps/WebSiteAnalyzer.war
23-Sep-2016 11:53:25.286 INFO [http-nio-8080-exec-162] org.apache.jasper.servlet.TldScanner.scanJars At least one JAR was scanned for TLDs yet contained no TLDs. Enable debug logging for this logger for a complete list of JARs that were scanned but no TLDs were found in them. Skipping unneeded JARs during scanning can improve startup time and JSP compilation time.
23-Sep-2016 11:53:25.291 INFO [http-nio-8080-exec-162] org.apache.catalina.startup.HostConfig.deployWAR Deployment of web application archive /Users/sergiipavlenko/eclipse/apache-tomcat-9.0.0.M10/webapps/WebSiteAnalyzer.war has finished in 105 ms
23-Sep-2016 12:01:09.169 INFO [http-nio-8080-exec-171] org.apache.catalina.startup.HostConfig.undeploy Undeploying context [/WebSiteAnalyzer]
23-Sep-2016 12:01:15.259 INFO [http-nio-8080-exec-177] org.apache.catalina.startup.HostConfig.deployWAR Deploying web application archive /Users/sergiipavlenko/eclipse/apache-tomcat-9.0.0.M10/webapps/WebSiteAnalyzer.war
23-Sep-2016 12:01:15.363 INFO [http-nio-8080-exec-177] org.apache.jasper.servlet.TldScanner.scanJars At least one JAR was scanned for TLDs yet contained no TLDs. Enable debug logging for this logger for a complete list of JARs that were scanned but no TLDs were found in them. Skipping unneeded JARs during scanning can improve startup time and JSP compilation time.
23-Sep-2016 12:01:15.370 INFO [http-nio-8080-exec-177] org.apache.catalina.startup.HostConfig.deployWAR Deployment of web application archive /Users/sergiipavlenko/eclipse/apache-tomcat-9.0.0.M10/webapps/WebSiteAnalyzer.war has finished in 111 ms
23-Sep-2016 12:02:48.586 INFO [http-nio-8080-exec-182] org.apache.catalina.startup.HostConfig.undeploy Undeploying context [/WebSiteAnalyzer]
23-Sep-2016 12:02:53.682 INFO [http-nio-8080-exec-190] org.apache.catalina.startup.HostConfig.deployWAR Deploying web application archive /Users/sergiipavlenko/eclipse/apache-tomcat-9.0.0.M10/webapps/WebSiteAnalyzer.war
23-Sep-2016 12:02:53.779 INFO [http-nio-8080-exec-190] org.apache.jasper.servlet.TldScanner.scanJars At least one JAR was scanned for TLDs yet contained no TLDs. Enable debug logging for this logger for a complete list of JARs that were scanned but no TLDs were found in them. Skipping unneeded JARs during scanning can improve startup time and JSP compilation time.
23-Sep-2016 12:02:53.784 INFO [http-nio-8080-exec-190] org.apache.catalina.startup.HostConfig.deployWAR Deployment of web application archive /Users/sergiipavlenko/eclipse/apache-tomcat-9.0.0.M10/webapps/WebSiteAnalyzer.war has finished in 101 ms
23-Sep-2016 12:16:33.449 INFO [http-nio-8080-exec-191] org.apache.catalina.startup.HostConfig.undeploy Undeploying context [/WebSiteAnalyzer]
23-Sep-2016 12:16:38.773 INFO [http-nio-8080-exec-195] org.apache.catalina.startup.HostConfig.deployWAR Deploying web application archive /Users/sergiipavlenko/eclipse/apache-tomcat-9.0.0.M10/webapps/WebSiteAnalyzer.war
23-Sep-2016 12:16:38.907 INFO [http-nio-8080-exec-195] org.apache.jasper.servlet.TldScanner.scanJars At least one JAR was scanned for TLDs yet contained no TLDs. Enable debug logging for this logger for a complete list of JARs that were scanned but no TLDs were found in them. Skipping unneeded JARs during scanning can improve startup time and JSP compilation time.
23-Sep-2016 12:16:38.912 INFO [http-nio-8080-exec-195] org.apache.catalina.startup.HostConfig.deployWAR Deployment of web application archive /Users/sergiipavlenko/eclipse/apache-tomcat-9.0.0.M10/webapps/WebSiteAnalyzer.war has finished in 140 ms
23-Sep-2016 12:53:37.903 INFO [http-nio-8080-exec-207] org.apache.catalina.startup.HostConfig.undeploy Undeploying context [/WebSiteAnalyzer]
23-Sep-2016 12:53:42.960 INFO [http-nio-8080-exec-204] org.apache.catalina.startup.HostConfig.deployWAR Deploying web application archive /Users/sergiipavlenko/eclipse/apache-tomcat-9.0.0.M10/webapps/WebSiteAnalyzer.war
23-Sep-2016 12:53:43.097 INFO [http-nio-8080-exec-204] org.apache.jasper.servlet.TldScanner.scanJars At least one JAR was scanned for TLDs yet contained no TLDs. Enable debug logging for this logger for a complete list of JARs that were scanned but no TLDs were found in them. Skipping unneeded JARs during scanning can improve startup time and JSP compilation time.
23-Sep-2016 12:53:43.103 INFO [http-nio-8080-exec-204] org.apache.catalina.startup.HostConfig.deployWAR Deployment of web application archive /Users/sergiipavlenko/eclipse/apache-tomcat-9.0.0.M10/webapps/WebSiteAnalyzer.war has finished in 144 ms
23-Sep-2016 12:54:28.777 INFO [http-nio-8080-exec-209] org.apache.catalina.core.StandardContext.reload Reloading Context with name [/WebSiteAnalyzer] has started
23-Sep-2016 12:54:28.898 INFO [http-nio-8080-exec-209] org.apache.jasper.servlet.TldScanner.scanJars At least one JAR was scanned for TLDs yet contained no TLDs. Enable debug logging for this logger for a complete list of JARs that were scanned but no TLDs were found in them. Skipping unneeded JARs during scanning can improve startup time and JSP compilation time.
23-Sep-2016 12:54:28.905 INFO [http-nio-8080-exec-209] org.apache.catalina.core.StandardContext.reload Reloading Context with name [/WebSiteAnalyzer] is completed
23-Sep-2016 12:54:41.272 INFO [http-nio-8080-exec-201] org.apache.catalina.startup.HostConfig.undeploy Undeploying context [/WebSiteAnalyzer]
23-Sep-2016 12:54:45.473 INFO [http-nio-8080-exec-217] org.apache.catalina.startup.HostConfig.deployWAR Deploying web application archive /Users/sergiipavlenko/eclipse/apache-tomcat-9.0.0.M10/webapps/WebSiteAnalyzer.war
23-Sep-2016 12:54:45.597 INFO [http-nio-8080-exec-217] org.apache.jasper.servlet.TldScanner.scanJars At least one JAR was scanned for TLDs yet contained no TLDs. Enable debug logging for this logger for a complete list of JARs that were scanned but no TLDs were found in them. Skipping unneeded JARs during scanning can improve startup time and JSP compilation time.
23-Sep-2016 12:54:45.601 INFO [http-nio-8080-exec-217] org.apache.catalina.startup.HostConfig.deployWAR Deployment of web application archive /Users/sergiipavlenko/eclipse/apache-tomcat-9.0.0.M10/webapps/WebSiteAnalyzer.war has finished in 127 ms
23-Sep-2016 13:30:45.204 INFO [http-nio-8080-exec-219] org.apache.catalina.startup.HostConfig.undeploy Undeploying context [/WebSiteAnalyzer]
23-Sep-2016 13:30:49.358 INFO [http-nio-8080-exec-221] org.apache.catalina.startup.HostConfig.deployWAR Deploying web application archive /Users/sergiipavlenko/eclipse/apache-tomcat-9.0.0.M10/webapps/WebSiteAnalyzer.war
23-Sep-2016 13:30:49.497 INFO [http-nio-8080-exec-221] org.apache.jasper.servlet.TldScanner.scanJars At least one JAR was scanned for TLDs yet contained no TLDs. Enable debug logging for this logger for a complete list of JARs that were scanned but no TLDs were found in them. Skipping unneeded JARs during scanning can improve startup time and JSP compilation time.
23-Sep-2016 13:30:49.504 INFO [http-nio-8080-exec-221] org.apache.catalina.startup.HostConfig.deployWAR Deployment of web application archive /Users/sergiipavlenko/eclipse/apache-tomcat-9.0.0.M10/webapps/WebSiteAnalyzer.war has finished in 146 ms
23-Sep-2016 13:34:47.011 INFO [http-nio-8080-exec-232] org.apache.catalina.startup.HostConfig.undeploy Undeploying context [/WebSiteAnalyzer]
23-Sep-2016 13:34:51.641 INFO [http-nio-8080-exec-235] org.apache.catalina.startup.HostConfig.deployWAR Deploying web application archive /Users/sergiipavlenko/eclipse/apache-tomcat-9.0.0.M10/webapps/WebSiteAnalyzer.war
23-Sep-2016 13:34:51.762 INFO [http-nio-8080-exec-235] org.apache.jasper.servlet.TldScanner.scanJars At least one JAR was scanned for TLDs yet contained no TLDs. Enable debug logging for this logger for a complete list of JARs that were scanned but no TLDs were found in them. Skipping unneeded JARs during scanning can improve startup time and JSP compilation time.
23-Sep-2016 13:34:51.765 INFO [http-nio-8080-exec-235] org.apache.catalina.startup.HostConfig.deployWAR Deployment of web application archive /Users/sergiipavlenko/eclipse/apache-tomcat-9.0.0.M10/webapps/WebSiteAnalyzer.war has finished in 124 ms
23-Sep-2016 13:36:22.547 INFO [http-nio-8080-exec-238] org.apache.catalina.startup.HostConfig.undeploy Undeploying context [/WebSiteAnalyzer]
23-Sep-2016 13:36:26.427 INFO [http-nio-8080-exec-241] org.apache.catalina.startup.HostConfig.deployWAR Deploying web application archive /Users/sergiipavlenko/eclipse/apache-tomcat-9.0.0.M10/webapps/WebSiteAnalyzer.war
23-Sep-2016 13:36:26.512 INFO [http-nio-8080-exec-241] org.apache.jasper.servlet.TldScanner.scanJars At least one JAR was scanned for TLDs yet contained no TLDs. Enable debug logging for this logger for a complete list of JARs that were scanned but no TLDs were found in them. Skipping unneeded JARs during scanning can improve startup time and JSP compilation time.
23-Sep-2016 13:36:26.516 INFO [http-nio-8080-exec-241] org.apache.catalina.startup.HostConfig.deployWAR Deployment of web application archive /Users/sergiipavlenko/eclipse/apache-tomcat-9.0.0.M10/webapps/WebSiteAnalyzer.war has finished in 88 ms
23-Sep-2016 13:40:41.168 INFO [http-nio-8080-exec-248] org.apache.catalina.startup.HostConfig.undeploy Undeploying context [/WebSiteAnalyzer]
23-Sep-2016 13:40:44.865 INFO [http-nio-8080-exec-253] org.apache.catalina.startup.HostConfig.deployWAR Deploying web application archive /Users/sergiipavlenko/eclipse/apache-tomcat-9.0.0.M10/webapps/WebSiteAnalyzer.war
23-Sep-2016 13:40:44.969 INFO [http-nio-8080-exec-253] org.apache.jasper.servlet.TldScanner.scanJars At least one JAR was scanned for TLDs yet contained no TLDs. Enable debug logging for this logger for a complete list of JARs that were scanned but no TLDs were found in them. Skipping unneeded JARs during scanning can improve startup time and JSP compilation time.
23-Sep-2016 13:40:44.973 INFO [http-nio-8080-exec-253] org.apache.catalina.startup.HostConfig.deployWAR Deployment of web application archive /Users/sergiipavlenko/eclipse/apache-tomcat-9.0.0.M10/webapps/WebSiteAnalyzer.war has finished in 108 ms
23-Sep-2016 13:47:08.728 INFO [http-nio-8080-exec-256] org.apache.catalina.startup.HostConfig.undeploy Undeploying context [/WebSiteAnalyzer]
23-Sep-2016 13:47:18.676 INFO [http-nio-8080-exec-260] org.apache.catalina.startup.HostConfig.deployWAR Deploying web application archive /Users/sergiipavlenko/eclipse/apache-tomcat-9.0.0.M10/webapps/WebSiteAnalyzer.war
23-Sep-2016 13:47:18.822 INFO [http-nio-8080-exec-260] org.apache.jasper.servlet.TldScanner.scanJars At least one JAR was scanned for TLDs yet contained no TLDs. Enable debug logging for this logger for a complete list of JARs that were scanned but no TLDs were found in them. Skipping unneeded JARs during scanning can improve startup time and JSP compilation time.
23-Sep-2016 13:47:18.825 INFO [http-nio-8080-exec-260] org.apache.catalina.startup.HostConfig.deployWAR Deployment of web application archive /Users/sergiipavlenko/eclipse/apache-tomcat-9.0.0.M10/webapps/WebSiteAnalyzer.war has finished in 149 ms
23-Sep-2016 14:17:02.152 INFO [http-nio-8080-exec-266] org.apache.catalina.startup.HostConfig.undeploy Undeploying context [/WebSiteAnalyzer]
23-Sep-2016 14:17:05.958 INFO [http-nio-8080-exec-270] org.apache.catalina.startup.HostConfig.deployWAR Deploying web application archive /Users/sergiipavlenko/eclipse/apache-tomcat-9.0.0.M10/webapps/WebSiteAnalyzer.war
23-Sep-2016 14:17:06.104 INFO [http-nio-8080-exec-270] org.apache.jasper.servlet.TldScanner.scanJars At least one JAR was scanned for TLDs yet contained no TLDs. Enable debug logging for this logger for a complete list of JARs that were scanned but no TLDs were found in them. Skipping unneeded JARs during scanning can improve startup time and JSP compilation time.
23-Sep-2016 14:17:06.109 INFO [http-nio-8080-exec-270] org.apache.catalina.startup.HostConfig.deployWAR Deployment of web application archive /Users/sergiipavlenko/eclipse/apache-tomcat-9.0.0.M10/webapps/WebSiteAnalyzer.war has finished in 151 ms
23-Sep-2016 14:21:49.450 INFO [http-nio-8080-exec-276] org.apache.catalina.startup.HostConfig.undeploy Undeploying context [/WebSiteAnalyzer]
23-Sep-2016 14:21:53.906 INFO [http-nio-8080-exec-282] org.apache.catalina.startup.HostConfig.deployWAR Deploying web application archive /Users/sergiipavlenko/eclipse/apache-tomcat-9.0.0.M10/webapps/WebSiteAnalyzer.war
23-Sep-2016 14:21:54.031 INFO [http-nio-8080-exec-282] org.apache.jasper.servlet.TldScanner.scanJars At least one JAR was scanned for TLDs yet contained no TLDs. Enable debug logging for this logger for a complete list of JARs that were scanned but no TLDs were found in them. Skipping unneeded JARs during scanning can improve startup time and JSP compilation time.
23-Sep-2016 14:21:54.034 INFO [http-nio-8080-exec-282] org.apache.catalina.startup.HostConfig.deployWAR Deployment of web application archive /Users/sergiipavlenko/eclipse/apache-tomcat-9.0.0.M10/webapps/WebSiteAnalyzer.war has finished in 128 ms
