16-Oct-2016 10:52:55.068 INFO [main] org.apache.catalina.startup.VersionLoggerListener.log Server version:        Apache Tomcat/9.0.0.M10
16-Oct-2016 10:52:55.069 INFO [main] org.apache.catalina.startup.VersionLoggerListener.log Server built:          Aug 31 2016 15:00:21 UTC
16-Oct-2016 10:52:55.070 INFO [main] org.apache.catalina.startup.VersionLoggerListener.log Server number:         9.0.0.0
16-Oct-2016 10:52:55.070 INFO [main] org.apache.catalina.startup.VersionLoggerListener.log OS Name:               Mac OS X
16-Oct-2016 10:52:55.070 INFO [main] org.apache.catalina.startup.VersionLoggerListener.log OS Version:            10.11.3
16-Oct-2016 10:52:55.070 INFO [main] org.apache.catalina.startup.VersionLoggerListener.log Architecture:          x86_64
16-Oct-2016 10:52:55.070 INFO [main] org.apache.catalina.startup.VersionLoggerListener.log Java Home:             /Library/Java/JavaVirtualMachines/jdk1.8.0_101.jdk/Contents/Home/jre
16-Oct-2016 10:52:55.070 INFO [main] org.apache.catalina.startup.VersionLoggerListener.log JVM Version:           1.8.0_101-b13
16-Oct-2016 10:52:55.070 INFO [main] org.apache.catalina.startup.VersionLoggerListener.log JVM Vendor:            Oracle Corporation
16-Oct-2016 10:52:55.071 INFO [main] org.apache.catalina.startup.VersionLoggerListener.log CATALINA_BASE:         /Users/sergiipavlenko/eclipse/apache-tomcat-9.0.0.M10
16-Oct-2016 10:52:55.071 INFO [main] org.apache.catalina.startup.VersionLoggerListener.log CATALINA_HOME:         /Users/sergiipavlenko/eclipse/apache-tomcat-9.0.0.M10
16-Oct-2016 10:52:55.071 INFO [main] org.apache.catalina.startup.VersionLoggerListener.log Command line argument: -Djava.util.logging.config.file=/Users/sergiipavlenko/eclipse/apache-tomcat-9.0.0.M10/conf/logging.properties
16-Oct-2016 10:52:55.071 INFO [main] org.apache.catalina.startup.VersionLoggerListener.log Command line argument: -Djava.util.logging.manager=org.apache.juli.ClassLoaderLogManager
16-Oct-2016 10:52:55.071 INFO [main] org.apache.catalina.startup.VersionLoggerListener.log Command line argument: -Djdk.tls.ephemeralDHKeySize=2048
16-Oct-2016 10:52:55.072 INFO [main] org.apache.catalina.startup.VersionLoggerListener.log Command line argument: -Dcatalina.base=/Users/sergiipavlenko/eclipse/apache-tomcat-9.0.0.M10
16-Oct-2016 10:52:55.072 INFO [main] org.apache.catalina.startup.VersionLoggerListener.log Command line argument: -Dcatalina.home=/Users/sergiipavlenko/eclipse/apache-tomcat-9.0.0.M10
16-Oct-2016 10:52:55.072 INFO [main] org.apache.catalina.startup.VersionLoggerListener.log Command line argument: -Djava.io.tmpdir=/Users/sergiipavlenko/eclipse/apache-tomcat-9.0.0.M10/temp
16-Oct-2016 10:52:55.072 INFO [main] org.apache.catalina.core.AprLifecycleListener.lifecycleEvent The APR based Apache Tomcat Native library which allows optimal performance in production environments was not found on the java.library.path: /Users/sergiipavlenko/Library/Java/Extensions:/Library/Java/Extensions:/Network/Library/Java/Extensions:/System/Library/Java/Extensions:/usr/lib/java:.
16-Oct-2016 10:52:55.212 INFO [main] org.apache.coyote.AbstractProtocol.init Initializing ProtocolHandler ["http-nio-8080"]
16-Oct-2016 10:52:55.236 INFO [main] org.apache.tomcat.util.net.NioSelectorPool.getSharedSelector Using a shared selector for servlet write/read
16-Oct-2016 10:52:55.239 INFO [main] org.apache.coyote.AbstractProtocol.init Initializing ProtocolHandler ["ajp-nio-8009"]
16-Oct-2016 10:52:55.240 INFO [main] org.apache.tomcat.util.net.NioSelectorPool.getSharedSelector Using a shared selector for servlet write/read
16-Oct-2016 10:52:55.240 INFO [main] org.apache.catalina.startup.Catalina.load Initialization processed in 624 ms
16-Oct-2016 10:52:55.273 INFO [main] org.apache.catalina.core.StandardService.startInternal Starting service Catalina
16-Oct-2016 10:52:55.273 INFO [main] org.apache.catalina.core.StandardEngine.startInternal Starting Servlet Engine: Apache Tomcat/9.0.0.M10
16-Oct-2016 10:52:55.295 INFO [localhost-startStop-1] org.apache.catalina.startup.HostConfig.deployWAR Deploying web application archive /Users/sergiipavlenko/eclipse/apache-tomcat-9.0.0.M10/webapps/WebSiteAnalyzer.war
16-Oct-2016 10:52:55.852 INFO [localhost-startStop-1] org.apache.jasper.servlet.TldScanner.scanJars At least one JAR was scanned for TLDs yet contained no TLDs. Enable debug logging for this logger for a complete list of JARs that were scanned but no TLDs were found in them. Skipping unneeded JARs during scanning can improve startup time and JSP compilation time.
16-Oct-2016 10:52:55.930 INFO [localhost-startStop-1] org.apache.catalina.startup.HostConfig.deployWAR Deployment of web application archive /Users/sergiipavlenko/eclipse/apache-tomcat-9.0.0.M10/webapps/WebSiteAnalyzer.war has finished in 635 ms
16-Oct-2016 10:52:55.931 INFO [localhost-startStop-1] org.apache.catalina.startup.HostConfig.deployDirectory Deploying web application directory /Users/sergiipavlenko/eclipse/apache-tomcat-9.0.0.M10/webapps/docs
16-Oct-2016 10:52:55.948 INFO [localhost-startStop-1] org.apache.catalina.startup.HostConfig.deployDirectory Deployment of web application directory /Users/sergiipavlenko/eclipse/apache-tomcat-9.0.0.M10/webapps/docs has finished in 17 ms
16-Oct-2016 10:52:55.949 INFO [localhost-startStop-1] org.apache.catalina.startup.HostConfig.deployDirectory Deploying web application directory /Users/sergiipavlenko/eclipse/apache-tomcat-9.0.0.M10/webapps/examples
16-Oct-2016 10:52:56.177 INFO [localhost-startStop-1] org.apache.catalina.startup.HostConfig.deployDirectory Deployment of web application directory /Users/sergiipavlenko/eclipse/apache-tomcat-9.0.0.M10/webapps/examples has finished in 229 ms
16-Oct-2016 10:52:56.178 INFO [localhost-startStop-1] org.apache.catalina.startup.HostConfig.deployDirectory Deploying web application directory /Users/sergiipavlenko/eclipse/apache-tomcat-9.0.0.M10/webapps/host-manager
16-Oct-2016 10:52:56.205 INFO [localhost-startStop-1] org.apache.catalina.startup.HostConfig.deployDirectory Deployment of web application directory /Users/sergiipavlenko/eclipse/apache-tomcat-9.0.0.M10/webapps/host-manager has finished in 27 ms
16-Oct-2016 10:52:56.205 INFO [localhost-startStop-1] org.apache.catalina.startup.HostConfig.deployDirectory Deploying web application directory /Users/sergiipavlenko/eclipse/apache-tomcat-9.0.0.M10/webapps/manager
16-Oct-2016 10:52:56.227 INFO [localhost-startStop-1] org.apache.catalina.startup.HostConfig.deployDirectory Deployment of web application directory /Users/sergiipavlenko/eclipse/apache-tomcat-9.0.0.M10/webapps/manager has finished in 22 ms
16-Oct-2016 10:52:56.227 INFO [localhost-startStop-1] org.apache.catalina.startup.HostConfig.deployDirectory Deploying web application directory /Users/sergiipavlenko/eclipse/apache-tomcat-9.0.0.M10/webapps/ROOT
16-Oct-2016 10:52:56.240 INFO [localhost-startStop-1] org.apache.catalina.startup.HostConfig.deployDirectory Deployment of web application directory /Users/sergiipavlenko/eclipse/apache-tomcat-9.0.0.M10/webapps/ROOT has finished in 13 ms
16-Oct-2016 10:52:56.243 INFO [main] org.apache.coyote.AbstractProtocol.start Starting ProtocolHandler [http-nio-8080]
16-Oct-2016 10:52:56.249 INFO [main] org.apache.coyote.AbstractProtocol.start Starting ProtocolHandler [ajp-nio-8009]
16-Oct-2016 10:52:56.262 INFO [main] org.apache.catalina.startup.Catalina.start Server startup in 1021 ms
16-Oct-2016 10:58:30.198 INFO [Thread-5] org.apache.coyote.AbstractProtocol.pause Pausing ProtocolHandler ["http-nio-8080"]
16-Oct-2016 10:58:30.252 INFO [Thread-5] org.apache.coyote.AbstractProtocol.pause Pausing ProtocolHandler ["ajp-nio-8009"]
16-Oct-2016 10:58:30.306 INFO [Thread-5] org.apache.catalina.core.StandardService.stopInternal Stopping service Catalina
16-Oct-2016 10:58:30.344 WARNING [localhost-startStop-2] org.apache.catalina.loader.WebappClassLoaderBase.clearReferencesThreads The web application [examples] appears to have started a thread named [Timer-0] but has failed to stop it. This is very likely to create a memory leak. Stack trace of thread:
16-Oct-2016 10:58:30.373 INFO [Thread-5] org.apache.coyote.AbstractProtocol.stop Stopping ProtocolHandler ["http-nio-8080"]
16-Oct-2016 10:58:30.376 INFO [Thread-5] org.apache.coyote.AbstractProtocol.stop Stopping ProtocolHandler ["ajp-nio-8009"]
16-Oct-2016 10:58:30.378 INFO [Thread-5] org.apache.coyote.AbstractProtocol.destroy Destroying ProtocolHandler ["http-nio-8080"]
16-Oct-2016 10:58:30.379 INFO [Thread-5] org.apache.coyote.AbstractProtocol.destroy Destroying ProtocolHandler ["ajp-nio-8009"]
16-Oct-2016 11:00:23.252 INFO [main] org.apache.catalina.startup.VersionLoggerListener.log Server version:        Apache Tomcat/9.0.0.M10
16-Oct-2016 11:00:23.254 INFO [main] org.apache.catalina.startup.VersionLoggerListener.log Server built:          Aug 31 2016 15:00:21 UTC
16-Oct-2016 11:00:23.255 INFO [main] org.apache.catalina.startup.VersionLoggerListener.log Server number:         9.0.0.0
16-Oct-2016 11:00:23.255 INFO [main] org.apache.catalina.startup.VersionLoggerListener.log OS Name:               Mac OS X
16-Oct-2016 11:00:23.255 INFO [main] org.apache.catalina.startup.VersionLoggerListener.log OS Version:            10.11.3
16-Oct-2016 11:00:23.255 INFO [main] org.apache.catalina.startup.VersionLoggerListener.log Architecture:          x86_64
16-Oct-2016 11:00:23.255 INFO [main] org.apache.catalina.startup.VersionLoggerListener.log Java Home:             /Library/Java/JavaVirtualMachines/jdk1.8.0_101.jdk/Contents/Home/jre
16-Oct-2016 11:00:23.255 INFO [main] org.apache.catalina.startup.VersionLoggerListener.log JVM Version:           1.8.0_101-b13
16-Oct-2016 11:00:23.255 INFO [main] org.apache.catalina.startup.VersionLoggerListener.log JVM Vendor:            Oracle Corporation
16-Oct-2016 11:00:23.255 INFO [main] org.apache.catalina.startup.VersionLoggerListener.log CATALINA_BASE:         /Users/sergiipavlenko/eclipse/apache-tomcat-9.0.0.M10
16-Oct-2016 11:00:23.255 INFO [main] org.apache.catalina.startup.VersionLoggerListener.log CATALINA_HOME:         /Users/sergiipavlenko/eclipse/apache-tomcat-9.0.0.M10
16-Oct-2016 11:00:23.256 INFO [main] org.apache.catalina.startup.VersionLoggerListener.log Command line argument: -Djava.util.logging.config.file=/Users/sergiipavlenko/eclipse/apache-tomcat-9.0.0.M10/conf/logging.properties
16-Oct-2016 11:00:23.256 INFO [main] org.apache.catalina.startup.VersionLoggerListener.log Command line argument: -Djava.util.logging.manager=org.apache.juli.ClassLoaderLogManager
16-Oct-2016 11:00:23.256 INFO [main] org.apache.catalina.startup.VersionLoggerListener.log Command line argument: -Djdk.tls.ephemeralDHKeySize=2048
16-Oct-2016 11:00:23.256 INFO [main] org.apache.catalina.startup.VersionLoggerListener.log Command line argument: -Dcatalina.base=/Users/sergiipavlenko/eclipse/apache-tomcat-9.0.0.M10
16-Oct-2016 11:00:23.257 INFO [main] org.apache.catalina.startup.VersionLoggerListener.log Command line argument: -Dcatalina.home=/Users/sergiipavlenko/eclipse/apache-tomcat-9.0.0.M10
16-Oct-2016 11:00:23.257 INFO [main] org.apache.catalina.startup.VersionLoggerListener.log Command line argument: -Djava.io.tmpdir=/Users/sergiipavlenko/eclipse/apache-tomcat-9.0.0.M10/temp
16-Oct-2016 11:00:23.257 INFO [main] org.apache.catalina.core.AprLifecycleListener.lifecycleEvent The APR based Apache Tomcat Native library which allows optimal performance in production environments was not found on the java.library.path: /Users/sergiipavlenko/Library/Java/Extensions:/Library/Java/Extensions:/Network/Library/Java/Extensions:/System/Library/Java/Extensions:/usr/lib/java:.
16-Oct-2016 11:00:23.386 INFO [main] org.apache.coyote.AbstractProtocol.init Initializing ProtocolHandler ["http-nio-8080"]
16-Oct-2016 11:00:23.414 INFO [main] org.apache.tomcat.util.net.NioSelectorPool.getSharedSelector Using a shared selector for servlet write/read
16-Oct-2016 11:00:23.417 INFO [main] org.apache.coyote.AbstractProtocol.init Initializing ProtocolHandler ["ajp-nio-8009"]
16-Oct-2016 11:00:23.418 INFO [main] org.apache.tomcat.util.net.NioSelectorPool.getSharedSelector Using a shared selector for servlet write/read
16-Oct-2016 11:00:23.419 INFO [main] org.apache.catalina.startup.Catalina.load Initialization processed in 586 ms
16-Oct-2016 11:00:23.455 INFO [main] org.apache.catalina.core.StandardService.startInternal Starting service Catalina
16-Oct-2016 11:00:23.456 INFO [main] org.apache.catalina.core.StandardEngine.startInternal Starting Servlet Engine: Apache Tomcat/9.0.0.M10
16-Oct-2016 11:00:23.478 INFO [localhost-startStop-1] org.apache.catalina.startup.HostConfig.deployWAR Deploying web application archive /Users/sergiipavlenko/eclipse/apache-tomcat-9.0.0.M10/webapps/WebSiteAnalyzer.war
16-Oct-2016 11:00:24.120 INFO [localhost-startStop-1] org.apache.jasper.servlet.TldScanner.scanJars At least one JAR was scanned for TLDs yet contained no TLDs. Enable debug logging for this logger for a complete list of JARs that were scanned but no TLDs were found in them. Skipping unneeded JARs during scanning can improve startup time and JSP compilation time.
16-Oct-2016 11:00:24.341 INFO [localhost-startStop-1] org.apache.catalina.startup.HostConfig.deployWAR Deployment of web application archive /Users/sergiipavlenko/eclipse/apache-tomcat-9.0.0.M10/webapps/WebSiteAnalyzer.war has finished in 863 ms
16-Oct-2016 11:00:24.342 INFO [localhost-startStop-1] org.apache.catalina.startup.HostConfig.deployDirectory Deploying web application directory /Users/sergiipavlenko/eclipse/apache-tomcat-9.0.0.M10/webapps/docs
16-Oct-2016 11:00:24.363 INFO [localhost-startStop-1] org.apache.catalina.startup.HostConfig.deployDirectory Deployment of web application directory /Users/sergiipavlenko/eclipse/apache-tomcat-9.0.0.M10/webapps/docs has finished in 21 ms
16-Oct-2016 11:00:24.363 INFO [localhost-startStop-1] org.apache.catalina.startup.HostConfig.deployDirectory Deploying web application directory /Users/sergiipavlenko/eclipse/apache-tomcat-9.0.0.M10/webapps/examples
16-Oct-2016 11:00:24.623 INFO [localhost-startStop-1] org.apache.catalina.startup.HostConfig.deployDirectory Deployment of web application directory /Users/sergiipavlenko/eclipse/apache-tomcat-9.0.0.M10/webapps/examples has finished in 259 ms
16-Oct-2016 11:00:24.623 INFO [localhost-startStop-1] org.apache.catalina.startup.HostConfig.deployDirectory Deploying web application directory /Users/sergiipavlenko/eclipse/apache-tomcat-9.0.0.M10/webapps/host-manager
16-Oct-2016 11:00:24.651 INFO [localhost-startStop-1] org.apache.catalina.startup.HostConfig.deployDirectory Deployment of web application directory /Users/sergiipavlenko/eclipse/apache-tomcat-9.0.0.M10/webapps/host-manager has finished in 28 ms
16-Oct-2016 11:00:24.651 INFO [localhost-startStop-1] org.apache.catalina.startup.HostConfig.deployDirectory Deploying web application directory /Users/sergiipavlenko/eclipse/apache-tomcat-9.0.0.M10/webapps/manager
16-Oct-2016 11:00:24.677 INFO [localhost-startStop-1] org.apache.catalina.startup.HostConfig.deployDirectory Deployment of web application directory /Users/sergiipavlenko/eclipse/apache-tomcat-9.0.0.M10/webapps/manager has finished in 26 ms
16-Oct-2016 11:00:24.677 INFO [localhost-startStop-1] org.apache.catalina.startup.HostConfig.deployDirectory Deploying web application directory /Users/sergiipavlenko/eclipse/apache-tomcat-9.0.0.M10/webapps/ROOT
16-Oct-2016 11:00:24.692 INFO [localhost-startStop-1] org.apache.catalina.startup.HostConfig.deployDirectory Deployment of web application directory /Users/sergiipavlenko/eclipse/apache-tomcat-9.0.0.M10/webapps/ROOT has finished in 15 ms
16-Oct-2016 11:00:24.708 INFO [main] org.apache.coyote.AbstractProtocol.start Starting ProtocolHandler [http-nio-8080]
16-Oct-2016 11:00:24.721 INFO [main] org.apache.coyote.AbstractProtocol.start Starting ProtocolHandler [ajp-nio-8009]
16-Oct-2016 11:00:24.721 INFO [main] org.apache.catalina.startup.Catalina.start Server startup in 1302 ms
16-Oct-2016 11:19:53.831 INFO [main] org.apache.catalina.core.StandardServer.await A valid shutdown command was received via the shutdown port. Stopping the Server instance.
16-Oct-2016 11:19:53.833 INFO [main] org.apache.coyote.AbstractProtocol.pause Pausing ProtocolHandler ["http-nio-8080"]
16-Oct-2016 11:19:53.889 INFO [main] org.apache.coyote.AbstractProtocol.pause Pausing ProtocolHandler ["ajp-nio-8009"]
16-Oct-2016 11:19:53.940 INFO [main] org.apache.catalina.core.StandardService.stopInternal Stopping service Catalina
16-Oct-2016 11:19:53.984 INFO [main] org.apache.coyote.AbstractProtocol.stop Stopping ProtocolHandler ["http-nio-8080"]
16-Oct-2016 11:19:53.988 INFO [main] org.apache.coyote.AbstractProtocol.stop Stopping ProtocolHandler ["ajp-nio-8009"]
16-Oct-2016 11:19:53.989 INFO [main] org.apache.coyote.AbstractProtocol.destroy Destroying ProtocolHandler ["http-nio-8080"]
16-Oct-2016 11:19:53.990 INFO [main] org.apache.coyote.AbstractProtocol.destroy Destroying ProtocolHandler ["ajp-nio-8009"]
16-Oct-2016 11:20:00.778 INFO [main] org.apache.catalina.startup.VersionLoggerListener.log Server version:        Apache Tomcat/9.0.0.M10
16-Oct-2016 11:20:00.779 INFO [main] org.apache.catalina.startup.VersionLoggerListener.log Server built:          Aug 31 2016 15:00:21 UTC
16-Oct-2016 11:20:00.779 INFO [main] org.apache.catalina.startup.VersionLoggerListener.log Server number:         9.0.0.0
16-Oct-2016 11:20:00.779 INFO [main] org.apache.catalina.startup.VersionLoggerListener.log OS Name:               Mac OS X
16-Oct-2016 11:20:00.779 INFO [main] org.apache.catalina.startup.VersionLoggerListener.log OS Version:            10.11.3
16-Oct-2016 11:20:00.779 INFO [main] org.apache.catalina.startup.VersionLoggerListener.log Architecture:          x86_64
16-Oct-2016 11:20:00.780 INFO [main] org.apache.catalina.startup.VersionLoggerListener.log Java Home:             /Library/Java/JavaVirtualMachines/jdk1.8.0_101.jdk/Contents/Home/jre
16-Oct-2016 11:20:00.780 INFO [main] org.apache.catalina.startup.VersionLoggerListener.log JVM Version:           1.8.0_101-b13
16-Oct-2016 11:20:00.780 INFO [main] org.apache.catalina.startup.VersionLoggerListener.log JVM Vendor:            Oracle Corporation
16-Oct-2016 11:20:00.780 INFO [main] org.apache.catalina.startup.VersionLoggerListener.log CATALINA_BASE:         /Users/sergiipavlenko/eclipse/apache-tomcat-9.0.0.M10
16-Oct-2016 11:20:00.780 INFO [main] org.apache.catalina.startup.VersionLoggerListener.log CATALINA_HOME:         /Users/sergiipavlenko/eclipse/apache-tomcat-9.0.0.M10
16-Oct-2016 11:20:00.780 INFO [main] org.apache.catalina.startup.VersionLoggerListener.log Command line argument: -Djava.util.logging.config.file=/Users/sergiipavlenko/eclipse/apache-tomcat-9.0.0.M10/conf/logging.properties
16-Oct-2016 11:20:00.780 INFO [main] org.apache.catalina.startup.VersionLoggerListener.log Command line argument: -Djava.util.logging.manager=org.apache.juli.ClassLoaderLogManager
16-Oct-2016 11:20:00.781 INFO [main] org.apache.catalina.startup.VersionLoggerListener.log Command line argument: -Djdk.tls.ephemeralDHKeySize=2048
16-Oct-2016 11:20:00.781 INFO [main] org.apache.catalina.startup.VersionLoggerListener.log Command line argument: -Dcatalina.base=/Users/sergiipavlenko/eclipse/apache-tomcat-9.0.0.M10
16-Oct-2016 11:20:00.781 INFO [main] org.apache.catalina.startup.VersionLoggerListener.log Command line argument: -Dcatalina.home=/Users/sergiipavlenko/eclipse/apache-tomcat-9.0.0.M10
16-Oct-2016 11:20:00.781 INFO [main] org.apache.catalina.startup.VersionLoggerListener.log Command line argument: -Djava.io.tmpdir=/Users/sergiipavlenko/eclipse/apache-tomcat-9.0.0.M10/temp
16-Oct-2016 11:20:00.781 INFO [main] org.apache.catalina.core.AprLifecycleListener.lifecycleEvent The APR based Apache Tomcat Native library which allows optimal performance in production environments was not found on the java.library.path: /Users/sergiipavlenko/Library/Java/Extensions:/Library/Java/Extensions:/Network/Library/Java/Extensions:/System/Library/Java/Extensions:/usr/lib/java:.
16-Oct-2016 11:20:00.922 INFO [main] org.apache.coyote.AbstractProtocol.init Initializing ProtocolHandler ["http-nio-8080"]
16-Oct-2016 11:20:00.951 INFO [main] org.apache.tomcat.util.net.NioSelectorPool.getSharedSelector Using a shared selector for servlet write/read
16-Oct-2016 11:20:00.954 INFO [main] org.apache.coyote.AbstractProtocol.init Initializing ProtocolHandler ["ajp-nio-8009"]
16-Oct-2016 11:20:00.955 INFO [main] org.apache.tomcat.util.net.NioSelectorPool.getSharedSelector Using a shared selector for servlet write/read
16-Oct-2016 11:20:00.956 INFO [main] org.apache.catalina.startup.Catalina.load Initialization processed in 573 ms
16-Oct-2016 11:20:00.987 INFO [main] org.apache.catalina.core.StandardService.startInternal Starting service Catalina
16-Oct-2016 11:20:00.988 INFO [main] org.apache.catalina.core.StandardEngine.startInternal Starting Servlet Engine: Apache Tomcat/9.0.0.M10
16-Oct-2016 11:20:01.007 INFO [localhost-startStop-1] org.apache.catalina.startup.HostConfig.deployWAR Deploying web application archive /Users/sergiipavlenko/eclipse/apache-tomcat-9.0.0.M10/webapps/WebSiteAnalyzer.war
16-Oct-2016 11:20:01.540 INFO [localhost-startStop-1] org.apache.jasper.servlet.TldScanner.scanJars At least one JAR was scanned for TLDs yet contained no TLDs. Enable debug logging for this logger for a complete list of JARs that were scanned but no TLDs were found in them. Skipping unneeded JARs during scanning can improve startup time and JSP compilation time.
16-Oct-2016 11:20:01.685 INFO [localhost-startStop-1] org.apache.catalina.startup.HostConfig.deployWAR Deployment of web application archive /Users/sergiipavlenko/eclipse/apache-tomcat-9.0.0.M10/webapps/WebSiteAnalyzer.war has finished in 677 ms
16-Oct-2016 11:20:01.686 INFO [localhost-startStop-1] org.apache.catalina.startup.HostConfig.deployDirectory Deploying web application directory /Users/sergiipavlenko/eclipse/apache-tomcat-9.0.0.M10/webapps/docs
16-Oct-2016 11:20:01.704 INFO [localhost-startStop-1] org.apache.catalina.startup.HostConfig.deployDirectory Deployment of web application directory /Users/sergiipavlenko/eclipse/apache-tomcat-9.0.0.M10/webapps/docs has finished in 19 ms
16-Oct-2016 11:20:01.704 INFO [localhost-startStop-1] org.apache.catalina.startup.HostConfig.deployDirectory Deploying web application directory /Users/sergiipavlenko/eclipse/apache-tomcat-9.0.0.M10/webapps/examples
16-Oct-2016 11:20:01.926 INFO [localhost-startStop-1] org.apache.catalina.startup.HostConfig.deployDirectory Deployment of web application directory /Users/sergiipavlenko/eclipse/apache-tomcat-9.0.0.M10/webapps/examples has finished in 222 ms
16-Oct-2016 11:20:01.926 INFO [localhost-startStop-1] org.apache.catalina.startup.HostConfig.deployDirectory Deploying web application directory /Users/sergiipavlenko/eclipse/apache-tomcat-9.0.0.M10/webapps/host-manager
16-Oct-2016 11:20:01.952 INFO [localhost-startStop-1] org.apache.catalina.startup.HostConfig.deployDirectory Deployment of web application directory /Users/sergiipavlenko/eclipse/apache-tomcat-9.0.0.M10/webapps/host-manager has finished in 26 ms
16-Oct-2016 11:20:01.952 INFO [localhost-startStop-1] org.apache.catalina.startup.HostConfig.deployDirectory Deploying web application directory /Users/sergiipavlenko/eclipse/apache-tomcat-9.0.0.M10/webapps/manager
16-Oct-2016 11:20:01.986 INFO [localhost-startStop-1] org.apache.catalina.startup.HostConfig.deployDirectory Deployment of web application directory /Users/sergiipavlenko/eclipse/apache-tomcat-9.0.0.M10/webapps/manager has finished in 34 ms
16-Oct-2016 11:20:01.986 INFO [localhost-startStop-1] org.apache.catalina.startup.HostConfig.deployDirectory Deploying web application directory /Users/sergiipavlenko/eclipse/apache-tomcat-9.0.0.M10/webapps/ROOT
16-Oct-2016 11:20:02.012 INFO [localhost-startStop-1] org.apache.catalina.startup.HostConfig.deployDirectory Deployment of web application directory /Users/sergiipavlenko/eclipse/apache-tomcat-9.0.0.M10/webapps/ROOT has finished in 26 ms
16-Oct-2016 11:20:02.016 INFO [main] org.apache.coyote.AbstractProtocol.start Starting ProtocolHandler [http-nio-8080]
16-Oct-2016 11:20:02.022 INFO [main] org.apache.coyote.AbstractProtocol.start Starting ProtocolHandler [ajp-nio-8009]
16-Oct-2016 11:20:02.023 INFO [main] org.apache.catalina.startup.Catalina.start Server startup in 1067 ms
16-Oct-2016 11:20:10.093 INFO [http-nio-8080-exec-3] org.apache.catalina.core.StandardContext.reload Reloading Context with name [/WebSiteAnalyzer] has started
16-Oct-2016 11:20:10.252 INFO [http-nio-8080-exec-3] org.apache.catalina.core.StandardContext.reload Reloading Context with name [/WebSiteAnalyzer] is completed
16-Oct-2016 11:20:13.546 INFO [http-nio-8080-exec-5] org.apache.catalina.startup.HostConfig.undeploy Undeploying context [/WebSiteAnalyzer]
16-Oct-2016 11:20:22.872 INFO [http-nio-8080-exec-7] org.apache.catalina.startup.HostConfig.deployWAR Deploying web application archive /Users/sergiipavlenko/eclipse/apache-tomcat-9.0.0.M10/webapps/WebSiteAnalyzer.war
16-Oct-2016 11:20:23.020 INFO [http-nio-8080-exec-7] org.apache.catalina.startup.HostConfig.deployWAR Deployment of web application archive /Users/sergiipavlenko/eclipse/apache-tomcat-9.0.0.M10/webapps/WebSiteAnalyzer.war has finished in 148 ms
16-Oct-2016 11:20:30.027 INFO [http-nio-8080-exec-8] org.apache.catalina.core.StandardContext.reload Reloading Context with name [/WebSiteAnalyzer] has started
16-Oct-2016 11:20:30.144 INFO [http-nio-8080-exec-8] org.apache.catalina.core.StandardContext.reload Reloading Context with name [/WebSiteAnalyzer] is completed
16-Oct-2016 11:20:33.950 INFO [http-nio-8080-exec-10] org.apache.catalina.startup.HostConfig.undeploy Undeploying context [/WebSiteAnalyzer]
16-Oct-2016 11:20:38.992 INFO [http-nio-8080-exec-12] org.apache.catalina.startup.HostConfig.deployWAR Deploying web application archive /Users/sergiipavlenko/eclipse/apache-tomcat-9.0.0.M10/webapps/WebSiteAnalyzer.war
16-Oct-2016 11:20:39.136 INFO [http-nio-8080-exec-12] org.apache.catalina.startup.HostConfig.deployWAR Deployment of web application archive /Users/sergiipavlenko/eclipse/apache-tomcat-9.0.0.M10/webapps/WebSiteAnalyzer.war has finished in 144 ms
16-Oct-2016 12:22:43.492 INFO [http-nio-8080-exec-17] org.apache.catalina.core.StandardContext.reload Reloading Context with name [/WebSiteAnalyzer] has started
16-Oct-2016 12:22:43.632 INFO [http-nio-8080-exec-17] org.apache.catalina.core.StandardContext.reload Reloading Context with name [/WebSiteAnalyzer] is completed
16-Oct-2016 12:22:45.360 INFO [http-nio-8080-exec-12] org.apache.catalina.core.StandardContext.reload Reloading Context with name [/WebSiteAnalyzer] has started
16-Oct-2016 12:22:45.475 INFO [http-nio-8080-exec-12] org.apache.catalina.core.StandardContext.reload Reloading Context with name [/WebSiteAnalyzer] is completed
